Línea 44: la clase ProyectoPrototipo.ChameleonBtn del control volumen no era una clase de control cargada.
Línea 83: la clase ProyectoPrototipo.ChameleonBtn del control volumen no era una clase de control cargada.
Línea 122: la clase ProyectoPrototipo.ChameleonBtn del control volumen no era una clase de control cargada.
Línea 163: la clase ProyectoPrototipo.ChameleonBtn del control volumen no era una clase de control cargada.
Línea 204: la clase ProyectoPrototipo.ChameleonBtn del control volumen no era una clase de control cargada.
Línea 245: la clase ProyectoPrototipo.ChameleonBtn del control volumen no era una clase de control cargada.
Línea 51: el nombre de la propiedad _ExtentX de volumen no es válido.
Línea 52: el nombre de la propiedad _ExtentY de volumen no es válido.
Línea 53: el nombre de la propiedad BTYPE de volumen no es válido.
Línea 54: el nombre de la propiedad TX de volumen no es válido.
Línea 55: el nombre de la propiedad ENAB de volumen no es válido.
Línea 65: el nombre de la propiedad COLTYPE de volumen no es válido.
Línea 66: el nombre de la propiedad FOCUSR de volumen no es válido.
Línea 67: el nombre de la propiedad BCOL de volumen no es válido.
Línea 68: el nombre de la propiedad BCOLO de volumen no es válido.
Línea 69: el nombre de la propiedad FCOL de volumen no es válido.
Línea 70: el nombre de la propiedad FCOLO de volumen no es válido.
Línea 71: el nombre de la propiedad MCOL de volumen no es válido.
Línea 72: el nombre de la propiedad MPTR de volumen no es válido.
Línea 73: el nombre de la propiedad MICON de volumen no es válido.
Línea 74: el nombre de la propiedad UMCOL de volumen no es válido.
Línea 75: el nombre de la propiedad SOFT de volumen no es válido.
Línea 76: el nombre de la propiedad PICPOS de volumen no es válido.
Línea 77: el nombre de la propiedad NGREY de volumen no es válido.
Línea 78: el nombre de la propiedad FX de volumen no es válido.
Línea 79: el nombre de la propiedad HAND de volumen no es válido.
Línea 80: el nombre de la propiedad CHECK de volumen no es válido.
Línea 81: el nombre de la propiedad VALUE de volumen no es válido.
Línea 90: el nombre de la propiedad _ExtentX de volumen no es válido.
Línea 91: el nombre de la propiedad _ExtentY de volumen no es válido.
Línea 92: el nombre de la propiedad BTYPE de volumen no es válido.
Línea 93: el nombre de la propiedad TX de volumen no es válido.
Línea 94: el nombre de la propiedad ENAB de volumen no es válido.
Línea 104: el nombre de la propiedad COLTYPE de volumen no es válido.
Línea 105: el nombre de la propiedad FOCUSR de volumen no es válido.
Línea 106: el nombre de la propiedad BCOL de volumen no es válido.
Línea 107: el nombre de la propiedad BCOLO de volumen no es válido.
Línea 108: el nombre de la propiedad FCOL de volumen no es válido.
Línea 109: el nombre de la propiedad FCOLO de volumen no es válido.
Línea 110: el nombre de la propiedad MCOL de volumen no es válido.
Línea 111: el nombre de la propiedad MPTR de volumen no es válido.
Línea 112: el nombre de la propiedad MICON de volumen no es válido.
Línea 113: el nombre de la propiedad UMCOL de volumen no es válido.
Línea 114: el nombre de la propiedad SOFT de volumen no es válido.
Línea 115: el nombre de la propiedad PICPOS de volumen no es válido.
Línea 116: el nombre de la propiedad NGREY de volumen no es válido.
Línea 117: el nombre de la propiedad FX de volumen no es válido.
Línea 118: el nombre de la propiedad HAND de volumen no es válido.
Línea 119: el nombre de la propiedad CHECK de volumen no es válido.
Línea 120: el nombre de la propiedad VALUE de volumen no es válido.
Línea 130: el nombre de la propiedad _ExtentX de volumen no es válido.
Línea 131: el nombre de la propiedad _ExtentY de volumen no es válido.
Línea 132: el nombre de la propiedad BTYPE de volumen no es válido.
Línea 133: el nombre de la propiedad TX de volumen no es válido.
Línea 134: el nombre de la propiedad ENAB de volumen no es válido.
Línea 144: el nombre de la propiedad COLTYPE de volumen no es válido.
Línea 145: el nombre de la propiedad FOCUSR de volumen no es válido.
Línea 146: el nombre de la propiedad BCOL de volumen no es válido.
Línea 147: el nombre de la propiedad BCOLO de volumen no es válido.
Línea 148: el nombre de la propiedad FCOL de volumen no es válido.
Línea 149: el nombre de la propiedad FCOLO de volumen no es válido.
Línea 150: el nombre de la propiedad MCOL de volumen no es válido.
Línea 151: el nombre de la propiedad MPTR de volumen no es válido.
Línea 152: el nombre de la propiedad MICON de volumen no es válido.
Línea 153: el nombre de la propiedad PICN de volumen no es válido.
Línea 154: el nombre de la propiedad UMCOL de volumen no es válido.
Línea 155: el nombre de la propiedad SOFT de volumen no es válido.
Línea 156: el nombre de la propiedad PICPOS de volumen no es válido.
Línea 157: el nombre de la propiedad NGREY de volumen no es válido.
Línea 158: el nombre de la propiedad FX de volumen no es válido.
Línea 159: el nombre de la propiedad HAND de volumen no es válido.
Línea 160: el nombre de la propiedad CHECK de volumen no es válido.
Línea 161: el nombre de la propiedad VALUE de volumen no es válido.
Línea 171: el nombre de la propiedad _ExtentX de volumen no es válido.
Línea 172: el nombre de la propiedad _ExtentY de volumen no es válido.
Línea 173: el nombre de la propiedad BTYPE de volumen no es válido.
Línea 174: el nombre de la propiedad TX de volumen no es válido.
Línea 175: el nombre de la propiedad ENAB de volumen no es válido.
Línea 185: el nombre de la propiedad COLTYPE de volumen no es válido.
Línea 186: el nombre de la propiedad FOCUSR de volumen no es válido.
Línea 187: el nombre de la propiedad BCOL de volumen no es válido.
Línea 188: el nombre de la propiedad BCOLO de volumen no es válido.
Línea 189: el nombre de la propiedad FCOL de volumen no es válido.
Línea 190: el nombre de la propiedad FCOLO de volumen no es válido.
Línea 191: el nombre de la propiedad MCOL de volumen no es válido.
Línea 192: el nombre de la propiedad MPTR de volumen no es válido.
Línea 193: el nombre de la propiedad MICON de volumen no es válido.
Línea 194: el nombre de la propiedad PICN de volumen no es válido.
Línea 195: el nombre de la propiedad UMCOL de volumen no es válido.
Línea 196: el nombre de la propiedad SOFT de volumen no es válido.
Línea 197: el nombre de la propiedad PICPOS de volumen no es válido.
Línea 198: el nombre de la propiedad NGREY de volumen no es válido.
Línea 199: el nombre de la propiedad FX de volumen no es válido.
Línea 200: el nombre de la propiedad HAND de volumen no es válido.
Línea 201: el nombre de la propiedad CHECK de volumen no es válido.
Línea 202: el nombre de la propiedad VALUE de volumen no es válido.
Línea 212: el nombre de la propiedad _ExtentX de volumen no es válido.
Línea 213: el nombre de la propiedad _ExtentY de volumen no es válido.
Línea 214: el nombre de la propiedad BTYPE de volumen no es válido.
Línea 215: el nombre de la propiedad TX de volumen no es válido.
Línea 216: el nombre de la propiedad ENAB de volumen no es válido.
Línea 226: el nombre de la propiedad COLTYPE de volumen no es válido.
Línea 227: el nombre de la propiedad FOCUSR de volumen no es válido.
Línea 228: el nombre de la propiedad BCOL de volumen no es válido.
Línea 229: el nombre de la propiedad BCOLO de volumen no es válido.
Línea 230: el nombre de la propiedad FCOL de volumen no es válido.
Línea 231: el nombre de la propiedad FCOLO de volumen no es válido.
Línea 232: el nombre de la propiedad MCOL de volumen no es válido.
Línea 233: el nombre de la propiedad MPTR de volumen no es válido.
Línea 234: el nombre de la propiedad MICON de volumen no es válido.
Línea 235: el nombre de la propiedad PICN de volumen no es válido.
Línea 236: el nombre de la propiedad UMCOL de volumen no es válido.
Línea 237: el nombre de la propiedad SOFT de volumen no es válido.
Línea 238: el nombre de la propiedad PICPOS de volumen no es válido.
Línea 239: el nombre de la propiedad NGREY de volumen no es válido.
Línea 240: el nombre de la propiedad FX de volumen no es válido.
Línea 241: el nombre de la propiedad HAND de volumen no es válido.
Línea 242: el nombre de la propiedad CHECK de volumen no es válido.
Línea 243: el nombre de la propiedad VALUE de volumen no es válido.
Línea 252: el nombre de la propiedad _ExtentX de volumen no es válido.
Línea 253: el nombre de la propiedad _ExtentY de volumen no es válido.
Línea 254: el nombre de la propiedad BTYPE de volumen no es válido.
Línea 255: el nombre de la propiedad TX de volumen no es válido.
Línea 256: el nombre de la propiedad ENAB de volumen no es válido.
Línea 266: el nombre de la propiedad COLTYPE de volumen no es válido.
Línea 267: el nombre de la propiedad FOCUSR de volumen no es válido.
Línea 268: el nombre de la propiedad BCOL de volumen no es válido.
Línea 269: el nombre de la propiedad BCOLO de volumen no es válido.
Línea 270: el nombre de la propiedad FCOL de volumen no es válido.
Línea 271: el nombre de la propiedad FCOLO de volumen no es válido.
Línea 272: el nombre de la propiedad MCOL de volumen no es válido.
Línea 273: el nombre de la propiedad MPTR de volumen no es válido.
Línea 274: el nombre de la propiedad MICON de volumen no es válido.
Línea 275: el nombre de la propiedad UMCOL de volumen no es válido.
Línea 276: el nombre de la propiedad SOFT de volumen no es válido.
Línea 277: el nombre de la propiedad PICPOS de volumen no es válido.
Línea 278: el nombre de la propiedad NGREY de volumen no es válido.
Línea 279: el nombre de la propiedad FX de volumen no es válido.
Línea 280: el nombre de la propiedad HAND de volumen no es válido.
Línea 281: el nombre de la propiedad CHECK de volumen no es válido.
Línea 282: el nombre de la propiedad VALUE de volumen no es válido.
